{"C:\\Users\\quina\\OneDrive\\Documents\\Epicodus\\React\\Practicals\\Coin Counter\\src\\coinCount.js": {"path":"C:\\Users\\quina\\OneDrive\\Documents\\Epicodus\\React\\Practicals\\Coin Counter\\src\\coinCount.js","statementMap":{"0":{"start":{"line":2,"column":2},"end":{"line":4,"column":3}},"1":{"start":{"line":3,"column":4},"end":{"line":3,"column":29}}},"fnMap":{"0":{"name":"denominationCount","decl":{"start":{"line":1,"column":24},"end":{"line":1,"column":41}},"loc":{"start":{"line":1,"column":48},"end":{"line":5,"column":1}},"line":1},"1":{"name":"(anonymous_1)","decl":{"start":{"line":2,"column":9},"end":{"line":2,"column":10}},"loc":{"start":{"line":2,"column":26},"end":{"line":4,"column":3}},"line":2}},"branchMap":{},"s":{"0":1,"1":1},"f":{"0":1,"1":1},"b":{},"_coverageSchema":"43e27e138ebf9cfc5966b082cf9a028302ed4184","hash":"e8192547a751f52e46ca780fd9d9efe49d5830b4"}
}
